<?xml version="1.0" encoding="UTF-8"?>
<!-- Generated by org.testng.reporters.JUnitReportReporter -->
<testsuite skipped="1" hostname="Chowhan-PC" name="my.FrameWork.Test.FBLoginTest" tests="1" failures="0" timestamp="22 May 2020 05:24:34 GMT" time="0.000" errors="0">
  <testcase name="logInValidation" time="0.000" classname="my.FrameWork.Test.FBLoginTest">
    <skipped/>
  </testcase> <!-- logInValidation -->
</testsuite> <!-- my.FrameWork.Test.FBLoginTest -->
