<?xml version="1.0" encoding="UTF-8"?>
<!-- Generated by org.testng.reporters.JUnitReportReporter -->
<testsuite skipped="1" hostname="Chowhan-PC" name="my.FrameWork.Test.FBLoginTest" tests="2" failures="0" timestamp="22 May 2020 07:11:36 GMT" time="14.342" errors="0">
  <testcase name="logFB" time="14.342" classname="my.FrameWork.Test.FBLoginTest"/>
  <testcase name="logInValidation" classname="my.FrameWork.Test.FBLoginTest">
    <skipped/>
  </testcase> <!-- logInValidation -->
</testsuite> <!-- my.FrameWork.Test.FBLoginTest -->
